#
# A fatal error has been detected by the Java Runtime Environment:
#
#  EXCEPTION_ACCESS_VIOLATION (0xc0000005) at pc=0x00007ffe91d1d299, pid=1196, tid=10224
#
# JRE version: Java(TM) SE Runtime Environment 18.9 (11.0.9+7) (build 11.0.9+7-LTS)
# Java VM: Java HotSpot(TM) 64-Bit Server VM 18.9 (11.0.9+7-LTS, mixed mode, tiered, compressed oops, g1 gc, windows-amd64)
# Problematic frame:
# V  [jvm.dll+0x23d299]
#
# No core dump will be written. Minidumps are not enabled by default on client versions of Windows
#
# If you would like to submit a bug report, please visit:
#   https://bugreport.java.com/bugreport/crash.jsp
#

---------------  S U M M A R Y ------------

Command Line: -agentlib:jdwp=transport=dt_socket,suspend=y,address=localhost:51410 -Dcom.sun.management.jmxremote -Dcom.sun.management.jmxremote.port=51392 -Dcom.sun.management.jmxremote.authenticate=false -Dcom.sun.management.jmxremote.ssl=false -Djava.rmi.server.hostname=localhost -Dspring.jmx.enabled=true -Dspring.liveBeansView.mbeanDomain -Dspring.application.admin.enabled=true -Xverify:none -XX:TieredStopAtLevel=1 -Dspring.boot.project.name=lab_1 -javaagent:C:\Users\Public\Documents\eclipse-jee-2019-09-R-win32-x86_64\eclipse\configuration\org.eclipse.osgi\412\0\.cp\lib\javaagent-shaded.jar -Dfile.encoding=UTF-8 com.springtutorial.Lab1Application

Host: Intel(R) Core(TM) i3-4170 CPU @ 3.70GHz, 4 cores, 7G,  Windows 10 , 64 bit Build 19041 (10.0.19041.1466)
Time: Sun Jan 16 10:04:10 2022 SE Asia Standard Time elapsed time: 229.031759 seconds (0d 0h 3m 49s)

---------------  T H R E A D  ---------------

Current thread (0x00000292bd660800):  VMThread "VM Thread" [stack: 0x000000c35a700000,0x000000c35a800000] [id=10224]

Stack: [0x000000c35a700000,0x000000c35a800000],  sp=0x000000c35a7ff360,  free space=1020k
Native frames: (J=compiled Java code, j=interpreted, Vv=VM code, C=native code)
V  [jvm.dll+0x23d299]
V  [jvm.dll+0x5cb408]
V  [jvm.dll+0x5cbf0b]
V  [jvm.dll+0x4dfa28]
V  [jvm.dll+0x4e34eb]
V  [jvm.dll+0x4e118b]
V  [jvm.dll+0x750afc]
V  [jvm.dll+0x74ee87]
V  [jvm.dll+0x74f6b0]
V  [jvm.dll+0x74f9c7]
V  [jvm.dll+0x709114]
V  [jvm.dll+0x610cb6]
C  [ucrtbase.dll+0x21bb2]
C  [KERNEL32.DLL+0x17034]
C  [ntdll.dll+0x52651]


siginfo: EXCEPTION_ACCESS_VIOLATION (0xc0000005), reading address 0x00000292c44efd00


Register to memory mapping:

RIP=0x00007ffe91d1d299 jvm.dll
RAX=0x0000000000200000 is an unknown value
RBX=0x00000292c42ef488 is pointing into metadata
RCX=0x00000292c42efd00 is pointing into metadata
RDX=0x000000000000ffff is an unknown value
RSP=0x000000c35a7ff360 points into unknown readable memory: 00 00 00 00 00 00 00 00
RBP=0x000000c35a7ff459 points into unknown readable memory: 00 00 00 fe 7f 00 00
RSI=0x000000000000ffff is an unknown value
RDI=0x000000000000ffff is an unknown value
R8 ={method} {0x00000292c42ef6f8} '<init>' '()V' in 'com/springtutorial/api/AccountRoleApi'
R9 =0x0000000000000003 is an unknown value
R10=0x00000292bd642200 points into unknown readable memory: 02 00 00 00 1e 00 00 00
R11={method} {0x00000292c42ef6f8} '<init>' '()V' in 'com/springtutorial/api/AccountRoleApi'
R12=0x0 is NULL
R13=0x00000292c429c3d8 is pointing into metadata
R14=0x00000292c42ef6d9 is pointing into metadata
R15=0x00007ffe91ae0000 jvm.dll


Registers:
RAX=0x0000000000200000, RBX=0x00000292c42ef488, RCX=0x00000292c42efd00, RDX=0x000000000000ffff
RSP=0x000000c35a7ff360, RBP=0x000000c35a7ff459, RSI=0x000000000000ffff, RDI=0x000000000000ffff
R8 =0x00000292c42ef6f0, R9 =0x0000000000000003, R10=0x00000292bd642200, R11=0x00000292c42ef6f0
R12=0x0000000000000000, R13=0x00000292c429c3d8, R14=0x00000292c42ef6d9, R15=0x00007ffe91ae0000
RIP=0x00007ffe91d1d299, EFLAGS=0x0000000000010206

Top of Stack: (sp=0x000000c35a7ff360)
0x000000c35a7ff360:   0000000000000000 0000000000000000
0x000000c35a7ff370:   000000c35a7ff4c8 0000000000000002
0x000000c35a7ff380:   0000000000000000 00007ffe920ab408
0x000000c35a7ff390:   00000000000000b7 00007ffe91e0f14a
0x000000c35a7ff3a0:   000000c35a7ff430 0000000000000000
0x000000c35a7ff3b0:   0000000000000000 00000292a82e9380
0x000000c35a7ff3c0:   000000c35a7ff430 00007ffe91bf3b2e
0x000000c35a7ff3d0:   00000292c42ef6f0 00000292a82e0060
0x000000c35a7ff3e0:   00000000000000b7 00000000000000b7
0x000000c35a7ff3f0:   000000c35a7ff459 00007ffe920abf0b
0x000000c35a7ff400:   0000000000000000 00000000000000b7
0x000000c35a7ff410:   00000292c42ef6f0 000000c35a7ff459
0x000000c35a7ff420:   00000292c42ef6f0 00000292bd660800
0x000000c35a7ff430:   00000292c42ef6f0 00000292bd660800
0x000000c35a7ff440:   0000000400000001 000000b700000005
0x000000c35a7ff450:   00000292bd620000 00007ffe000000b7 

Instructions: (pc=0x00007ffe91d1d299)
0x00007ffe91d1d279:   0d 62 21 60 00 e8 9d 66 00 00 e8 18 cf 3c 00 48
0x00007ffe91d1d289:   8b 4b 10 48 85 c9 74 0f 48 8d 47 01 48 c1 e0 05
0x00007ffe91d1d299:   48 8b 04 08 0f b7 f8 48 63 c7 0f b7 4c c3 40 0f
0x00007ffe91d1d2a9:   b7 44 cb 42 48 8b 44 c3 40 48 8b 5c 24 30 48 83 


Stack slot to memory mapping:
stack at sp + 0 slots: 0x0 is NULL
stack at sp + 1 slots: 0x0 is NULL
stack at sp + 2 slots: 0x000000c35a7ff4c8 points into unknown readable memory: 00 08 66 bd 92 02 00 00
stack at sp + 3 slots: 0x0000000000000002 is an unknown value
stack at sp + 4 slots: 0x0 is NULL
stack at sp + 5 slots: 0x00007ffe920ab408 jvm.dll
stack at sp + 6 slots: 0x00000000000000b7 is an unknown value
stack at sp + 7 slots: 0x00007ffe91e0f14a jvm.dll

VM_Operation (0x000000c35afff390): RedefineClasses, mode: safepoint, requested by thread 0x00000292be1d1800, redefining class com.springtutorial.api.AccountRoleApi



---------------  P R O C E S S  ---------------

Threads class SMR info:
_java_thread_list=0x00000292bf617330, length=28, elements={
0x00000292bd665800, 0x00000292bd693800, 0x00000292be013800, 0x00000292bd6a0800,
0x00000292bd6a1800, 0x00000292bd6c7000, 0x00000292be12b800, 0x00000292be1d1800,
0x00000292be1d6800, 0x00000292be1d8000, 0x00000292be91c800, 0x00000292beb53800,
0x00000292beb37800, 0x00000292beb5f000, 0x00000292c1da7800, 0x00000292c1dae000,
0x00000292bea35000, 0x00000292bea32800, 0x00000292bea38800, 0x00000292bea36800,
0x00000292bea36000, 0x00000292bea39000, 0x00000292bea33800, 0x00000292bea34000,
0x00000292bea32000, 0x00000292bea3e000, 0x00000292bea3a000, 0x00000292bea3c800
}

Java Threads: ( => current thread )
  0x00000292bd665800 JavaThread "Reference Handler" daemon [_thread_blocked, id=9956, stack(0x000000c35a800000,0x000000c35a900000)]
  0x00000292bd693800 JavaThread "Finalizer" daemon [_thread_blocked, id=6716, stack(0x000000c35a900000,0x000000c35aa00000)]
  0x00000292be013800 JavaThread "Signal Dispatcher" daemon [_thread_blocked, id=4492, stack(0x000000c35aa00000,0x000000c35ab00000)]
  0x00000292bd6a0800 JavaThread "Attach Listener" daemon [_thread_blocked, id=12224, stack(0x000000c35ab00000,0x000000c35ac00000)]
  0x00000292bd6a1800 JavaThread "C1 CompilerThread0" daemon [_thread_blocked, id=5252, stack(0x000000c35ac00000,0x000000c35ad00000)]
  0x00000292bd6c7000 JavaThread "Sweeper thread" daemon [_thread_blocked, id=1740, stack(0x000000c35ad00000,0x000000c35ae00000)]
  0x00000292be12b800 JavaThread "Common-Cleaner" daemon [_thread_blocked, id=6056, stack(0x000000c35ae00000,0x000000c35af00000)]
  0x00000292be1d1800 JavaThread "JDWP Transport Listener: dt_socket" daemon [_thread_blocked, id=8424, stack(0x000000c35af00000,0x000000c35b000000)]
  0x00000292be1d6800 JavaThread "JDWP Event Helper Thread" daemon [_thread_blocked, id=6196, stack(0x000000c35b000000,0x000000c35b100000)]
  0x00000292be1d8000 JavaThread "JDWP Command Reader" daemon [_thread_in_native, id=7920, stack(0x000000c35b100000,0x000000c35b200000)]
  0x00000292be91c800 JavaThread "Service Thread" daemon [_thread_blocked, id=8464, stack(0x000000c35b300000,0x000000c35b400000)]
  0x00000292beb53800 JavaThread "RMI TCP Accept-0" daemon [_thread_in_native, id=11000, stack(0x000000c35b600000,0x000000c35b700000)]
  0x00000292beb37800 JavaThread "RMI TCP Accept-51392" daemon [_thread_in_native, id=10724, stack(0x000000c35b700000,0x000000c35b800000)]
  0x00000292beb5f000 JavaThread "RMI TCP Accept-0" daemon [_thread_in_native, id=6840, stack(0x000000c35b800000,0x000000c35b900000)]
  0x00000292c1da7800 JavaThread "Live Reload Server" daemon [_thread_in_native, id=9496, stack(0x000000c35c600000,0x000000c35c700000)]
  0x00000292c1dae000 JavaThread "DestroyJavaVM" [_thread_blocked, id=6856, stack(0x000000c35a100000,0x000000c35a200000)]
  0x00000292bea35000 JavaThread "Catalina-utility-1" [_thread_blocked, id=8104, stack(0x000000c35a000000,0x000000c35a100000)]
  0x00000292bea32800 JavaThread "Catalina-utility-2" [_thread_blocked, id=11404, stack(0x000000c35b200000,0x000000c35b300000)]
  0x00000292bea38800 JavaThread "container-0" [_thread_blocked, id=4880, stack(0x000000c35ba00000,0x000000c35bb00000)]
  0x00000292bea36800 JavaThread "mssql-jdbc-shared-timer-core-2" daemon [_thread_blocked, id=10308, stack(0x000000c35bb00000,0x000000c35bc00000)]
  0x00000292bea36000 JavaThread "HikariPool-3 housekeeper" daemon [_thread_blocked, id=7808, stack(0x000000c35bd00000,0x000000c35be00000)]
  0x00000292bea39000 JavaThread "File Watcher" daemon [_thread_blocked, id=5396, stack(0x000000c35c100000,0x000000c35c200000)]
  0x00000292bea33800 JavaThread "http-nio-8081-Poller" daemon [_thread_in_native, id=11284, stack(0x000000c35c200000,0x000000c35c300000)]
  0x00000292bea34000 JavaThread "http-nio-8081-Acceptor" daemon [_thread_in_native, id=6400, stack(0x000000c35c400000,0x000000c35c500000)]
  0x00000292bea32000 JavaThread "http-nio-8081-exec-1" daemon [_thread_blocked, id=13016, stack(0x000000c359f00000,0x000000c35a000000)]
  0x00000292bea3e000 JavaThread "http-nio-8081-exec-2" daemon [_thread_blocked, id=13244, stack(0x000000c35bf00000,0x000000c35c000000)]
  0x00000292bea3a000 JavaThread "http-nio-8081-exec-3" daemon [_thread_blocked, id=11256, stack(0x000000c35c300000,0x000000c35c400000)]
  0x00000292bea3c800 JavaThread "http-nio-8081-exec-4" daemon [_thread_blocked, id=12892, stack(0x000000c35c500000,0x000000c35c600000)]

Other Threads:
=>0x00000292bd660800 VMThread "VM Thread" [stack: 0x000000c35a700000,0x000000c35a800000] [id=10224]
  0x00000292beb6d000 WatcherThread [stack: 0x000000c35b900000,0x000000c35ba00000] [id=1484]
  0x000002929d32a800 GCTaskThread "GC Thread#0" [stack: 0x000000c35a200000,0x000000c35a300000] [id=9004]
  0x00000292beb07800 GCTaskThread "GC Thread#1" [stack: 0x000000c35b400000,0x000000c35b500000] [id=10508]
  0x00000292beb0c000 GCTaskThread "GC Thread#2" [stack: 0x000000c35b500000,0x000000c35b600000] [id=11940]
  0x00000292bf8cd000 GCTaskThread "GC Thread#3" [stack: 0x000000c35bc00000,0x000000c35bd00000] [id=10764]
  0x000002929d35c000 ConcurrentGCThread "G1 Main Marker" [stack: 0x000000c35a300000,0x000000c35a400000] [id=7640]
  0x000002929d35f000 ConcurrentGCThread "G1 Conc#0" [stack: 0x000000c35a400000,0x000000c35a500000] [id=10212]
  0x00000292bd4d0800 ConcurrentGCThread "G1 Refine#0" [stack: 0x000000c35a500000,0x000000c35a600000] [id=5512]
  0x00000292bd4d1000 ConcurrentGCThread "G1 Young RemSet Sampling" [stack: 0x000000c35a600000,0x000000c35a700000] [id=7060]

Threads with active compile tasks:

VM state:at safepoint (normal execution)

VM Mutex/Monitor currently owned by a thread:  ([mutex/lock_event])
[0x000002929d311800] Threads_lock - owner thread: 0x00000292bd660800

Heap address: 0x0000000082000000, size: 2016 MB, Compressed Oops mode: 32-bit
Narrow klass base: 0x0000000000000000, Narrow klass shift: 3
Compressed class space size: 1073741824 Address: 0x0000000100000000

Heap:
 garbage-first heap   total 78848K, used 40468K [0x0000000082000000, 0x0000000100000000)
  region size 1024K, 16 young (16384K), 5 survivors (5120K)
 Metaspace       used 66697K, capacity 68849K, committed 69120K, reserved 1110016K
  class space    used 8595K, capacity 9435K, committed 9472K, reserved 1048576K
Heap Regions: E=young(eden), S=young(survivor), O=old, HS=humongous(starts), HC=humongous(continues), CS=collection set, F=free, A=archive, TAMS=top-at-mark-start (previous, next)
|   0|0x0000000082000000, 0x0000000082100000, 0x0000000082100000|100%|HS|  |TAMS 0x0000000082000000, 0x0000000082000000| Untracked 
|   1|0x0000000082100000, 0x00000000821ffff8, 0x0000000082200000| 99%| O|  |TAMS 0x0000000082100000, 0x0000000082100000| Untracked 
|   2|0x0000000082200000, 0x00000000822ff338, 0x0000000082300000| 99%| O|  |TAMS 0x0000000082200000, 0x0000000082200000| Untracked 
|   3|0x0000000082300000, 0x00000000823fffc0, 0x0000000082400000| 99%| O|  |TAMS 0x0000000082300000, 0x0000000082300000| Untracked 
|   4|0x0000000082400000, 0x00000000824fffb0, 0x0000000082500000| 99%| O|  |TAMS 0x0000000082400000, 0x0000000082400000| Untracked 
|   5|0x0000000082500000, 0x00000000825ffff8, 0x0000000082600000| 99%| O|  |TAMS 0x0000000082500000, 0x0000000082500000| Untracked 
|   6|0x0000000082600000, 0x00000000826fffd0, 0x0000000082700000| 99%| O|  |TAMS 0x0000000082600000, 0x0000000082600000| Untracked 
|   7|0x0000000082700000, 0x00000000827fffb8, 0x0000000082800000| 99%| O|  |TAMS 0x0000000082700000, 0x0000000082700000| Untracked 
|   8|0x0000000082800000, 0x00000000828fffe8, 0x0000000082900000| 99%| O|  |TAMS 0x0000000082800000, 0x0000000082800000| Untracked 
|   9|0x0000000082900000, 0x00000000829fffb8, 0x0000000082a00000| 99%| O|  |TAMS 0x0000000082900000, 0x0000000082900000| Untracked 
|  10|0x0000000082a00000, 0x0000000082afffd8, 0x0000000082b00000| 99%| O|  |TAMS 0x0000000082a00000, 0x0000000082a00000| Untracked 
|  11|0x0000000082b00000, 0x0000000082bffff8, 0x0000000082c00000| 99%| O|  |TAMS 0x0000000082b00000, 0x0000000082b00000| Untracked 
|  12|0x0000000082c00000, 0x0000000082cffff8, 0x0000000082d00000| 99%| O|  |TAMS 0x0000000082c00000, 0x0000000082c00000| Untracked 
|  13|0x0000000082d00000, 0x0000000082e00000, 0x0000000082e00000|100%| O|  |TAMS 0x0000000082d00000, 0x0000000082d00000| Untracked 
|  14|0x0000000082e00000, 0x0000000082effff0, 0x0000000082f00000| 99%| O|  |TAMS 0x0000000082e00000, 0x0000000082e00000| Untracked 
|  15|0x0000000082f00000, 0x0000000083000000, 0x0000000083000000|100%| O|  |TAMS 0x0000000082f00000, 0x0000000082f00000| Untracked 
|  16|0x0000000083000000, 0x00000000830fffe8, 0x0000000083100000| 99%| O|  |TAMS 0x0000000083000000, 0x0000000083000000| Untracked 
|  17|0x0000000083100000, 0x0000000083200000, 0x0000000083200000|100%| O|  |TAMS 0x0000000083100000, 0x0000000083100000| Untracked 
|  18|0x0000000083200000, 0x00000000832ffff0, 0x0000000083300000| 99%| O|  |TAMS 0x0000000083200000, 0x0000000083200000| Untracked 
|  19|0x0000000083300000, 0x00000000833c90b0, 0x0000000083400000| 78%| O|  |TAMS 0x0000000083300000, 0x0000000083300000| Untracked 
|  20|0x0000000083400000, 0x0000000083500000, 0x0000000083500000|100%| O|  |TAMS 0x0000000083400000, 0x0000000083400000| Untracked 
|  21|0x0000000083500000, 0x00000000835b0028, 0x0000000083600000| 68%| O|  |TAMS 0x0000000083500000, 0x0000000083500000| Untracked 
|  22|0x0000000083600000, 0x0000000083700000, 0x0000000083700000|100%| O|  |TAMS 0x0000000083600000, 0x0000000083600000| Untracked 
|  23|0x0000000083700000, 0x0000000083800000, 0x0000000083800000|100%| O|  |TAMS 0x0000000083700000, 0x0000000083700000| Untracked 
|  24|0x0000000083800000, 0x000000008387dc00, 0x0000000083900000| 49%| O|  |TAMS 0x0000000083800000, 0x0000000083800000| Untracked 
|  25|0x0000000083900000, 0x0000000083900000, 0x0000000083a00000|  0%| F|  |TAMS 0x0000000083900000, 0x0000000083900000| Untracked 
|  26|0x0000000083a00000, 0x0000000083a00000, 0x0000000083b00000|  0%| F|  |TAMS 0x0000000083a00000, 0x0000000083a00000| Untracked 
|  27|0x0000000083b00000, 0x0000000083b00000, 0x0000000083c00000|  0%| F|  |TAMS 0x0000000083b00000, 0x0000000083b00000| Untracked 
|  28|0x0000000083c00000, 0x0000000083c00000, 0x0000000083d00000|  0%| F|  |TAMS 0x0000000083c00000, 0x0000000083c00000| Untracked 
|  29|0x0000000083d00000, 0x0000000083d00000, 0x0000000083e00000|  0%| F|  |TAMS 0x0000000083d00000, 0x0000000083d00000| Untracked 
|  30|0x0000000083e00000, 0x0000000083e00000, 0x0000000083f00000|  0%| F|  |TAMS 0x0000000083e00000, 0x0000000083e00000| Untracked 
|  31|0x0000000083f00000, 0x0000000083f00000, 0x0000000084000000|  0%| F|  |TAMS 0x0000000083f00000, 0x0000000083f00000| Untracked 
|  32|0x0000000084000000, 0x0000000084000000, 0x0000000084100000|  0%| F|  |TAMS 0x0000000084000000, 0x0000000084000000| Untracked 
|  33|0x0000000084100000, 0x00000000841a0050, 0x0000000084200000| 62%| S|CS|TAMS 0x0000000084100000, 0x0000000084100000| Complete 
|  34|0x0000000084200000, 0x0000000084300000, 0x0000000084300000|100%| S|CS|TAMS 0x0000000084200000, 0x0000000084200000| Complete 
|  35|0x0000000084300000, 0x0000000084300000, 0x0000000084400000|  0%| F|  |TAMS 0x0000000084300000, 0x0000000084300000| Untracked 
|  36|0x0000000084400000, 0x0000000084400000, 0x0000000084500000|  0%| F|  |TAMS 0x0000000084400000, 0x0000000084400000| Untracked 
|  37|0x0000000084500000, 0x00000000845ef4b0, 0x0000000084600000| 93%| O|  |TAMS 0x0000000084500000, 0x0000000084500000| Untracked 
|  38|0x0000000084600000, 0x0000000084700000, 0x0000000084700000|100%| S|CS|TAMS 0x0000000084600000, 0x0000000084600000| Complete 
|  39|0x0000000084700000, 0x0000000084700000, 0x0000000084800000|  0%| F|  |TAMS 0x0000000084700000, 0x0000000084700000| Untracked 
|  40|0x0000000084800000, 0x0000000084900000, 0x0000000084900000|100%| S|CS|TAMS 0x0000000084800000, 0x0000000084800000| Complete 
|  41|0x0000000084900000, 0x0000000084a00000, 0x0000000084a00000|100%| S|CS|TAMS 0x0000000084900000, 0x0000000084900000| Complete 
|  42|0x0000000084a00000, 0x0000000084a00000, 0x0000000084b00000|  0%| F|  |TAMS 0x0000000084a00000, 0x0000000084a00000| Untracked 
|  43|0x0000000084b00000, 0x0000000084b00000, 0x0000000084c00000|  0%| F|  |TAMS 0x0000000084b00000, 0x0000000084b00000| Untracked 
|  44|0x0000000084c00000, 0x0000000084c00000, 0x0000000084d00000|  0%| F|  |TAMS 0x0000000084c00000, 0x0000000084c00000| Untracked 
|  45|0x0000000084d00000, 0x0000000084d00000, 0x0000000084e00000|  0%| F|  |TAMS 0x0000000084d00000, 0x0000000084d00000| Untracked 
|  46|0x0000000084e00000, 0x0000000084e00000, 0x0000000084f00000|  0%| F|  |TAMS 0x0000000084e00000, 0x0000000084e00000| Untracked 
|  47|0x0000000084f00000, 0x0000000084f00000, 0x0000000085000000|  0%| F|  |TAMS 0x0000000084f00000, 0x0000000084f00000| Untracked 
|  48|0x0000000085000000, 0x0000000085000000, 0x0000000085100000|  0%| F|  |TAMS 0x0000000085000000, 0x0000000085000000| Untracked 
|  49|0x0000000085100000, 0x0000000085100000, 0x0000000085200000|  0%| F|  |TAMS 0x0000000085100000, 0x0000000085100000| Untracked 
|  50|0x0000000085200000, 0x0000000085200000, 0x0000000085300000|  0%| F|  |TAMS 0x0000000085200000, 0x0000000085200000| Untracked 
|  51|0x0000000085300000, 0x0000000085300000, 0x0000000085400000|  0%| F|  |TAMS 0x0000000085300000, 0x0000000085300000| Untracked 
|  52|0x0000000085400000, 0x0000000085400000, 0x0000000085500000|  0%| F|  |TAMS 0x0000000085400000, 0x0000000085400000| Untracked 
|  53|0x0000000085500000, 0x0000000085500000, 0x0000000085600000|  0%| F|  |TAMS 0x0000000085500000, 0x0000000085500000| Untracked 
|  54|0x0000000085600000, 0x0000000085600000, 0x0000000085700000|  0%| F|  |TAMS 0x0000000085600000, 0x0000000085600000| Untracked 
|  55|0x0000000085700000, 0x0000000085700000, 0x0000000085800000|  0%| F|  |TAMS 0x0000000085700000, 0x0000000085700000| Untracked 
|  56|0x0000000085800000, 0x0000000085800000, 0x0000000085900000|  0%| F|  |TAMS 0x0000000085800000, 0x0000000085800000| Untracked 
|  57|0x0000000085900000, 0x0000000085900000, 0x0000000085a00000|  0%| F|  |TAMS 0x0000000085900000, 0x0000000085900000| Untracked 
|  58|0x0000000085a00000, 0x0000000085a00000, 0x0000000085b00000|  0%| F|  |TAMS 0x0000000085a00000, 0x0000000085a00000| Untracked 
|  59|0x0000000085b00000, 0x0000000085b00000, 0x0000000085c00000|  0%| F|  |TAMS 0x0000000085b00000, 0x0000000085b00000| Untracked 
|  60|0x0000000085c00000, 0x0000000085c00000, 0x0000000085d00000|  0%| F|  |TAMS 0x0000000085c00000, 0x0000000085c00000| Untracked 
|  61|0x0000000085d00000, 0x0000000085d00000, 0x0000000085e00000|  0%| F|  |TAMS 0x0000000085d00000, 0x0000000085d00000| Untracked 
|  62|0x0000000085e00000, 0x0000000085e00000, 0x0000000085f00000|  0%| F|  |TAMS 0x0000000085e00000, 0x0000000085e00000| Untracked 
|  63|0x0000000085f00000, 0x0000000085f00000, 0x0000000086000000|  0%| F|  |TAMS 0x0000000085f00000, 0x0000000085f00000| Untracked 
|  64|0x0000000086000000, 0x0000000086000000, 0x0000000086100000|  0%| F|  |TAMS 0x0000000086000000, 0x0000000086000000| Untracked 
|  65|0x0000000086100000, 0x0000000086100000, 0x0000000086200000|  0%| F|  |TAMS 0x0000000086100000, 0x0000000086100000| Untracked 
|  66|0x0000000086200000, 0x00000000862f0070, 0x0000000086300000| 93%| E|  |TAMS 0x0000000086200000, 0x0000000086200000| Complete 
|  67|0x0000000086300000, 0x0000000086400000, 0x0000000086400000|100%| E|CS|TAMS 0x0000000086300000, 0x0000000086300000| Complete 
|  68|0x0000000086400000, 0x0000000086500000, 0x0000000086500000|100%| E|CS|TAMS 0x0000000086400000, 0x0000000086400000| Complete 
|  69|0x0000000086500000, 0x0000000086600000, 0x0000000086600000|100%| E|CS|TAMS 0x0000000086500000, 0x0000000086500000| Complete 
|  70|0x0000000086600000, 0x0000000086700000, 0x0000000086700000|100%| E|CS|TAMS 0x0000000086600000, 0x0000000086600000| Complete 
|  71|0x0000000086700000, 0x0000000086800000, 0x0000000086800000|100%| E|CS|TAMS 0x0000000086700000, 0x0000000086700000| Complete 
|  72|0x0000000086800000, 0x0000000086900000, 0x0000000086900000|100%| E|CS|TAMS 0x0000000086800000, 0x0000000086800000| Complete 
|  73|0x0000000086900000, 0x0000000086a00000, 0x0000000086a00000|100%| E|CS|TAMS 0x0000000086900000, 0x0000000086900000| Complete 
|  74|0x0000000086a00000, 0x0000000086b00000, 0x0000000086b00000|100%| E|CS|TAMS 0x0000000086a00000, 0x0000000086a00000| Complete 
|  75|0x0000000086b00000, 0x0000000086c00000, 0x0000000086c00000|100%| E|CS|TAMS 0x0000000086b00000, 0x0000000086b00000| Complete 
|  76|0x0000000086c00000, 0x0000000086d00000, 0x0000000086d00000|100%| E|CS|TAMS 0x0000000086c00000, 0x0000000086c00000| Complete 

Card table byte_map: [0x00000292b69b0000,0x00000292b6da0000] _byte_map_base: 0x00000292b65a0000

Marking Bits (Prev, Next): (CMBitMap*) 0x000002929d353930, (CMBitMap*) 0x000002929d3538f8
 Prev Bits: [0x00000292b9110000, 0x00000292bb090000)
 Next Bits: [0x00000292b7190000, 0x00000292b9110000)

Polling page: 0x000002929d1b0000

Metaspace:

Usage:
  Non-class:     58.02 MB capacity,    56.74 MB ( 98%) used,     1.04 MB (  2%) free+waste,   247.06 KB ( <1%) overhead. 
      Class:      9.21 MB capacity,     8.39 MB ( 91%) used,   720.71 KB (  8%) free+waste,   118.50 KB (  1%) overhead. 
       Both:     67.24 MB capacity,    65.13 MB ( 97%) used,     1.74 MB (  3%) free+waste,   365.56 KB ( <1%) overhead. 

Virtual space:
  Non-class space:       60.00 MB reserved,      58.25 MB ( 97%) committed 
      Class space:        1.00 GB reserved,       9.25 MB ( <1%) committed 
             Both:        1.06 GB reserved,      67.50 MB (  6%) committed 

Chunk freelists:
   Non-Class:  0 bytes
       Class:  640 bytes
        Both:  640 bytes

CodeHeap 'non-profiled nmethods': size=238912Kb used=12903Kb max_used=12903Kb free=226009Kb
 bounds [0x00000292a7650000, 0x00000292a82f0000, 0x00000292b5fa0000]
CodeHeap 'non-nmethods': size=6848Kb used=1342Kb max_used=1342Kb free=5505Kb
 bounds [0x00000292a6fa0000, 0x00000292a7210000, 0x00000292a7650000]
 total_blobs=7839 nmethods=7213 adapters=559
 compilation: enabled
              stopped_count=0, restarted_count=0
 full_count=0

Compilation events (10 events):
Event: 207.044 Thread 0x00000292bd6a1800 7230       1       java.util.concurrent.Executors$RunnableAdapter::call (14 bytes)
Event: 207.044 Thread 0x00000292bd6a1800 nmethod 7230 0x00000292a82e7390 code [0x00000292a82e7540, 0x00000292a82e7690]
Event: 207.044 Thread 0x00000292bd6a1800 7231       1       java.util.concurrent.ScheduledThreadPoolExecutor$ScheduledFutureTask::setNextRunTime (38 bytes)
Event: 207.045 Thread 0x00000292bd6a1800 nmethod 7231 0x00000292a82e7710 code [0x00000292a82e78c0, 0x00000292a82e7af0]
Event: 211.039 Thread 0x00000292bd6a1800 7232       1       java.util.concurrent.locks.AbstractQueuedSynchronizer$ConditionObject::await (98 bytes)
Event: 211.041 Thread 0x00000292bd6a1800 nmethod 7232 0x00000292a82e7c10 code [0x00000292a82e7e80, 0x00000292a82e8660]
Event: 224.040 Thread 0x00000292bd6a1800 7233       1       java.util.concurrent.locks.AbstractQueuedSynchronizer$ConditionObject::unlinkCancelledWaiters (67 bytes)
Event: 224.040 Thread 0x00000292bd6a1800 nmethod 7233 0x00000292a82e8c10 code [0x00000292a82e8dc0, 0x00000292a82e9098]
Event: 228.892 Thread 0x00000292bd6a1800 7234   !   1       java.util.Locale::getDefault (132 bytes)
Event: 228.892 Thread 0x00000292bd6a1800 nmethod 7234 0x00000292a82e9190 code [0x00000292a82e9380, 0x00000292a82e9a20]

GC Heap History (10 events):
Event: 124.938 GC heap before
{Heap before GC invocations=24 (full 1):
 garbage-first heap   total 81920K, used 28791K [0x0000000082000000, 0x0000000100000000)
  region size 1024K, 6 young (6144K), 5 survivors (5120K)
 Metaspace       used 66351K, capacity 68480K, committed 68608K, reserved 1107968K
  class space    used 8559K, capacity 9381K, committed 9472K, reserved 1048576K
}
Event: 124.992 GC heap after
{Heap after GC invocations=25 (full 2):
 garbage-first heap   total 78848K, used 22941K [0x0000000082000000, 0x0000000100000000)
  region size 1024K, 0 young (0K), 0 survivors (0K)
 Metaspace       used 66348K, capacity 68474K, committed 68608K, reserved 1107968K
  class space    used 8558K, capacity 9379K, committed 9472K, reserved 1048576K
}
Event: 125.429 GC heap before
{Heap before GC invocations=25 (full 2):
 garbage-first heap   total 78848K, used 62877K [0x0000000082000000, 0x0000000100000000)
  region size 1024K, 39 young (39936K), 0 survivors (0K)
 Metaspace       used 66425K, capacity 68609K, committed 68864K, reserved 1107968K
  class space    used 8571K, capacity 9423K, committed 9472K, reserved 1048576K
}
Event: 125.433 GC heap after
{Heap after GC invocations=26 (full 2):
 garbage-first heap   total 78848K, used 24989K [0x0000000082000000, 0x0000000100000000)
  region size 1024K, 2 young (2048K), 2 survivors (2048K)
 Metaspace       used 66425K, capacity 68609K, committed 68864K, reserved 1107968K
  class space    used 8571K, capacity 9423K, committed 9472K, reserved 1048576K
}
Event: 125.543 GC heap before
{Heap before GC invocations=26 (full 2):
 garbage-first heap   total 78848K, used 62877K [0x0000000082000000, 0x0000000100000000)
  region size 1024K, 40 young (40960K), 2 survivors (2048K)
 Metaspace       used 66442K, capacity 68615K, committed 68864K, reserved 1107968K
  class space    used 8573K, capacity 9424K, committed 9472K, reserved 1048576K
}
Event: 125.547 GC heap after
{Heap after GC invocations=27 (full 2):
 garbage-first heap   total 78848K, used 25759K [0x0000000082000000, 0x0000000100000000)
  region size 1024K, 3 young (3072K), 3 survivors (3072K)
 Metaspace       used 66442K, capacity 68615K, committed 68864K, reserved 1107968K
  class space    used 8573K, capacity 9424K, committed 9472K, reserved 1048576K
}
Event: 125.782 GC heap before
{Heap before GC invocations=27 (full 2):
 garbage-first heap   total 78848K, used 62623K [0x0000000082000000, 0x0000000100000000)
  region size 1024K, 40 young (40960K), 3 survivors (3072K)
 Metaspace       used 66563K, capacity 68746K, committed 68864K, reserved 1107968K
  class space    used 8581K, capacity 9425K, committed 9472K, reserved 1048576K
}
Event: 125.789 GC heap after
{Heap after GC invocations=28 (full 2):
 garbage-first heap   total 78848K, used 27840K [0x0000000082000000, 0x0000000100000000)
  region size 1024K, 4 young (4096K), 4 survivors (4096K)
 Metaspace       used 66563K, capacity 68746K, committed 68864K, reserved 1107968K
  class space    used 8581K, capacity 9425K, committed 9472K, reserved 1048576K
}
Event: 125.971 GC heap before
{Heap before GC invocations=28 (full 2):
 garbage-first heap   total 78848K, used 62656K [0x0000000082000000, 0x0000000100000000)
  region size 1024K, 39 young (39936K), 4 survivors (4096K)
 Metaspace       used 66682K, capacity 68846K, committed 69120K, reserved 1110016K
  class space    used 8592K, capacity 9434K, committed 9472K, reserved 1048576K
}
Event: 125.977 GC heap after
{Heap after GC invocations=29 (full 2):
 garbage-first heap   total 78848K, used 30228K [0x0000000082000000, 0x0000000100000000)
  region size 1024K, 5 young (5120K), 5 survivors (5120K)
 Metaspace       used 66682K, capacity 68846K, committed 69120K, reserved 1110016K
  class space    used 8592K, capacity 9434K, committed 9472K, reserved 1048576K
}

Deoptimization events (0 events):
No events

Classes redefined (3 events):
Event: 78.364 Thread 0x00000292bd660800 redefined class name=com.springtutorial.api.AccountRoleApi, count=1
Event: 123.885 Thread 0x00000292bd660800 redefined class name=com.springtutorial.api.AccountRoleApi, count=1
Event: 123.924 Thread 0x00000292bd660800 redefined class name=com.springtutorial.api.AccountRoleApi, count=2

Internal exceptions (10 events):
Event: 125.840 Thread 0x00000292bea32000 Exception <a 'java/lang/reflect/InvocationTargetException'{0x0000000085c764e0}> (0x0000000085c764e0) thrown at [./open/src/hotspot/share/runtime/reflection.cpp, line 1242]
Event: 125.844 Thread 0x00000292bea32000 Exception <a 'java/lang/ClassNotFoundException'{0x0000000085b54cf0}: java/lang/ObjectCustomizer> (0x0000000085b54cf0) thrown at [./open/src/hotspot/share/classfile/systemDictionary.cpp, line 228]
Event: 125.845 Thread 0x00000292bea32000 Exception <a 'java/lang/ClassNotFoundException'{0x0000000085b724b0}: org/springframework/security/config/annotation/web/configuration/WebSecurityConfigurerAdapterCustomizer> (0x0000000085b724b0) thrown at [./open/src/hotspot/share/classfile/systemDictiona
Event: 125.846 Thread 0x00000292bea32000 Exception <a 'java/lang/ClassNotFoundException'{0x0000000085bb63e8}: com/springtutorial/config/SpringSecurityConfigCustomizer> (0x0000000085bb63e8) thrown at [./open/src/hotspot/share/classfile/systemDictionary.cpp, line 228]
Event: 125.847 Thread 0x00000292bea32000 Exception <a 'java/lang/ClassNotFoundException'{0x0000000085bd1d00}: com/springtutorial/config/SpringSecurityConfig$$EnhancerBySpringCGLIB$$ccf86618Customizer> (0x0000000085bd1d00) thrown at [./open/src/hotspot/share/classfile/systemDictionary.cpp, line 2
Event: 125.847 Thread 0x00000292bea32000 Exception <a 'java/lang/ClassNotFoundException'{0x0000000085bf7c30}: org/springframework/context/annotation/ConfigurationClassEnhancer$EnhancedConfigurationCustomizer> (0x0000000085bf7c30) thrown at [./open/src/hotspot/share/classfile/systemDictionary.cpp
Event: 125.848 Thread 0x00000292bea32000 Exception <a 'java/lang/ClassNotFoundException'{0x0000000085a0c138}: org/springframework/beans/factory/BeanFactoryAwareCustomizer> (0x0000000085a0c138) thrown at [./open/src/hotspot/share/classfile/systemDictionary.cpp, line 228]
Event: 125.849 Thread 0x00000292bea32000 Exception <a 'java/lang/ClassNotFoundException'{0x0000000085a1f7a8}: org/springframework/beans/factory/AwareCustomizer> (0x0000000085a1f7a8) thrown at [./open/src/hotspot/share/classfile/systemDictionary.cpp, line 228]
Event: 125.849 Thread 0x00000292bea32000 Exception <a 'java/lang/ClassNotFoundException'{0x0000000085a36b18}: org/springframework/security/config/annotation/web/WebSecurityConfigurerCustomizer> (0x0000000085a36b18) thrown at [./open/src/hotspot/share/classfile/systemDictionary.cpp, line 228]
Event: 125.850 Thread 0x00000292bea32000 Exception <a 'java/lang/ClassNotFoundException'{0x0000000085a4d170}: org/springframework/security/config/annotation/SecurityConfigurerCustomizer> (0x0000000085a4d170) thrown at [./open/src/hotspot/share/classfile/systemDictionary.cpp, line 228]

Events (10 events):
Event: 228.893 Thread 0x00000292be1d1800 DEOPT UNPACKING pc=0x00000292a6fdd44e sp=0x000000c35affcea8 mode 1
Event: 228.893 Thread 0x00000292be1d1800 DEOPT PACKING pc=0x00000292a77ed9c4 sp=0x000000c35affda80
Event: 228.894 Thread 0x00000292be1d1800 DEOPT UNPACKING pc=0x00000292a6fdd44e sp=0x000000c35affd070 mode 1
Event: 228.894 Thread 0x00000292be1d1800 DEOPT PACKING pc=0x00000292a787d124 sp=0x000000c35affdcd0
Event: 228.894 Thread 0x00000292be1d1800 DEOPT UNPACKING pc=0x00000292a6fdd44e sp=0x000000c35affd340 mode 1
Event: 228.894 Thread 0x00000292be1d1800 DEOPT PACKING pc=0x00000292a792bbbc sp=0x000000c35affdfd0
Event: 228.894 Thread 0x00000292be1d1800 DEOPT UNPACKING pc=0x00000292a6fdd44e sp=0x000000c35affd460 mode 1
Event: 228.894 Thread 0x00000292be1d1800 DEOPT PACKING pc=0x00000292a77018e4 sp=0x000000c35affe090
Event: 228.894 Thread 0x00000292be1d1800 DEOPT UNPACKING pc=0x00000292a6fdd44e sp=0x000000c35affd570 mode 1
Event: 228.894 Executing VM operation: RedefineClasses


Dynamic libraries:
0x00007ff79dd70000 - 0x00007ff79dd7f000 	C:\Program Files\Java\jdk-11.0.9\bin\javaw.exe
0x00007ffea5570000 - 0x00007ffea5765000 	C:\Windows\SYSTEM32\ntdll.dll
0x00007ffea5110000 - 0x00007ffea51ce000 	C:\Windows\System32\KERNEL32.DLL
0x00007ffea2ee0000 - 0x00007ffea31a8000 	C:\Windows\System32\KERNELBASE.dll
0x00007ffea2c80000 - 0x00007ffea2d80000 	C:\Windows\System32\ucrtbase.dll
0x00007ffe822c0000 - 0x00007ffe822d8000 	C:\Program Files\Java\jdk-11.0.9\bin\jli.dll
0x00007ffea4be0000 - 0x00007ffea4c8e000 	C:\Windows\System32\ADVAPI32.dll
0x00007ffea3750000 - 0x00007ffea37ee000 	C:\Windows\System32\msvcrt.dll
0x00007ffea4660000 - 0x00007ffea46fc000 	C:\Windows\System32\sechost.dll
0x00007ffea4fe0000 - 0x00007ffea5105000 	C:\Windows\System32\RPCRT4.dll
0x00007ffea4820000 - 0x00007ffea49c1000 	C:\Windows\System32\USER32.dll
0x00007ffea3470000 - 0x00007ffea3492000 	C:\Windows\System32\win32u.dll
0x00007ffea49d0000 - 0x00007ffea49fb000 	C:\Windows\System32\GDI32.dll
0x00007ffea2dd0000 - 0x00007ffea2edd000 	C:\Windows\System32\gdi32full.dll
0x00007ffea33d0000 - 0x00007ffea346d000 	C:\Windows\System32\msvcp_win.dll
0x00007ffe822e0000 - 0x00007ffe822f5000 	C:\Program Files\Java\jdk-11.0.9\bin\VCRUNTIME140.dll
0x00007ffe761b0000 - 0x00007ffe7644a000 	C:\Windows\WinSxS\amd64_microsoft.windows.common-controls_6595b64144ccf1df_6.0.19041.1110_none_60b5254171f9507e\COMCTL32.dll
0x00007ffe94c30000 - 0x00007ffe94c3a000 	C:\Windows\SYSTEM32\VERSION.dll
0x00007ffea37f0000 - 0x00007ffea3820000 	C:\Windows\System32\IMM32.DLL
0x00007ffe81910000 - 0x00007ffe819ab000 	C:\Program Files\Java\jdk-11.0.9\bin\msvcp140.dll
0x00007ffe91ae0000 - 0x00007ffe925d7000 	C:\Program Files\Java\jdk-11.0.9\bin\server\jvm.dll
0x00007ffea41d0000 - 0x00007ffea41d8000 	C:\Windows\System32\PSAPI.DLL
0x00007ffe94680000 - 0x00007ffe94689000 	C:\Windows\SYSTEM32\WSOCK32.dll
0x00007ffea47b0000 - 0x00007ffea481b000 	C:\Windows\System32\WS2_32.dll
0x00007ffe946b0000 - 0x00007ffe946d7000 	C:\Windows\SYSTEM32\WINMM.dll
0x00007ffea0b90000 - 0x00007ffea0ba2000 	C:\Windows\SYSTEM32\kernel.appcore.dll
0x00007ffe89020000 - 0x00007ffe89030000 	C:\Program Files\Java\jdk-11.0.9\bin\verify.dll
0x00007ffe88a80000 - 0x00007ffe88c64000 	C:\Windows\SYSTEM32\DBGHELP.DLL
0x00007ffe88fd0000 - 0x00007ffe88ffc000 	C:\Windows\SYSTEM32\dbgcore.DLL
0x00007ffea3310000 - 0x00007ffea3392000 	C:\Windows\System32\bcryptPrimitives.dll
0x00007ffe88c80000 - 0x00007ffe88ca8000 	C:\Program Files\Java\jdk-11.0.9\bin\java.dll
0x00007ffe88c70000 - 0x00007ffe88c7a000 	C:\Program Files\Java\jdk-11.0.9\bin\jimage.dll
0x00007ffe971d0000 - 0x00007ffe97208000 	C:\Program Files\Java\jdk-11.0.9\bin\jdwp.dll
0x00007ffe99040000 - 0x00007ffe9904e000 	C:\Program Files\Java\jdk-11.0.9\bin\instrument.dll
0x00007ffe86600000 - 0x00007ffe86616000 	C:\Program Files\Java\jdk-11.0.9\bin\zip.dll
0x00007ffea3950000 - 0x00007ffea4094000 	C:\Windows\System32\SHELL32.dll
0x00007ffea0d90000 - 0x00007ffea1525000 	C:\Windows\SYSTEM32\windows.storage.dll
0x00007ffea51d0000 - 0x00007ffea5525000 	C:\Windows\System32\combase.dll
0x00007ffea2660000 - 0x00007ffea268e000 	C:\Windows\SYSTEM32\Wldp.dll
0x00007ffea4f30000 - 0x00007ffea4fdd000 	C:\Windows\System32\SHCORE.dll
0x00007ffea4b80000 - 0x00007ffea4bd5000 	C:\Windows\System32\shlwapi.dll
0x00007ffea2bc0000 - 0x00007ffea2bdf000 	C:\Windows\SYSTEM32\profapi.dll
0x00007ffea03e0000 - 0x00007ffea03ea000 	C:\Program Files\Java\jdk-11.0.9\bin\dt_socket.dll
0x00007ffea23c0000 - 0x00007ffea242a000 	C:\Windows\System32\mswsock.dll
0x00007ffea20f0000 - 0x00007ffea21bb000 	C:\Windows\SYSTEM32\DNSAPI.dll
0x00007ffea20b0000 - 0x00007ffea20eb000 	C:\Windows\SYSTEM32\IPHLPAPI.DLL
0x00007ffea4ae0000 - 0x00007ffea4ae8000 	C:\Windows\System32\NSI.dll
0x00007ffe99b30000 - 0x00007ffe99baf000 	C:\Windows\System32\fwpuclnt.dll
0x00007ffea33a0000 - 0x00007ffea33c7000 	C:\Windows\System32\bcrypt.dll
0x00007ffe97890000 - 0x00007ffe9789a000 	C:\Windows\System32\rasadhlp.dll
0x00007ffe9cc20000 - 0x00007ffe9cc39000 	C:\Program Files\Java\jdk-11.0.9\bin\net.dll
0x00007ffe97b90000 - 0x00007ffe97c9c000 	C:\Windows\SYSTEM32\WINHTTP.dll
0x00007ffe9cc00000 - 0x00007ffe9cc12000 	C:\Program Files\Java\jdk-11.0.9\bin\nio.dll
0x00007ffe9de60000 - 0x00007ffe9de69000 	C:\Program Files\Java\jdk-11.0.9\bin\management.dll
0x00007ffe9de50000 - 0x00007ffe9de5b000 	C:\Program Files\Java\jdk-11.0.9\bin\management_ext.dll
0x00007ffe72cf0000 - 0x00007ffe72d07000 	C:\Windows\system32\napinsp.dll
0x00007ffe72aa0000 - 0x00007ffe72abb000 	C:\Windows\system32\pnrpnsp.dll
0x00007ffe9e020000 - 0x00007ffe9e035000 	C:\Windows\system32\wshbth.dll
0x00007ffe9e810000 - 0x00007ffe9e82d000 	C:\Windows\system32\NLAapi.dll
0x00007ffe72a80000 - 0x00007ffe72a92000 	C:\Windows\System32\winrnr.dll
0x00007ffea25b0000 - 0x00007ffea25c8000 	C:\Windows\SYSTEM32\CRYPTSP.dll
0x00007ffea1ce0000 - 0x00007ffea1d14000 	C:\Windows\system32\rsaenh.dll
0x00007ffea2b40000 - 0x00007ffea2b6e000 	C:\Windows\SYSTEM32\USERENV.dll
0x00007ffea25d0000 - 0x00007ffea25dc000 	C:\Windows\SYSTEM32\CRYPTBASE.dll
0x00007ffe9ace0000 - 0x00007ffe9acf7000 	C:\Windows\SYSTEM32\dhcpcsvc6.DLL
0x00007ffe9acc0000 - 0x00007ffe9acdd000 	C:\Windows\SYSTEM32\dhcpcsvc.DLL
0x00007ffe9a8d0000 - 0x00007ffe9a8f5000 	C:\Program Files\Java\jdk-11.0.9\bin\sunec.dll
0x00007ffe9e270000 - 0x00007ffe9e27d000 	C:\Program Files\Java\jdk-11.0.9\bin\sunmscapi.dll
0x00007ffea31b0000 - 0x00007ffea3306000 	C:\Windows\System32\CRYPT32.dll
0x00007ffea26d0000 - 0x00007ffea26f7000 	C:\Windows\SYSTEM32\ncrypt.dll
0x00007ffea2690000 - 0x00007ffea26cb000 	C:\Windows\SYSTEM32\NTASN1.dll

dbghelp: loaded successfully - version: 4.0.5 - missing functions: none
symbol engine: initialized successfully - sym options: 0x614 - pdb path: .;C:\Program Files\Java\jdk-11.0.9\bin;C:\Windows\SYSTEM32;C:\Windows\WinSxS\amd64_microsoft.windows.common-controls_6595b64144ccf1df_6.0.19041.1110_none_60b5254171f9507e;C:\Program Files\Java\jdk-11.0.9\bin\server

VM Arguments:
jvm_args: -agentlib:jdwp=transport=dt_socket,suspend=y,address=localhost:51410 -Dcom.sun.management.jmxremote -Dcom.sun.management.jmxremote.port=51392 -Dcom.sun.management.jmxremote.authenticate=false -Dcom.sun.management.jmxremote.ssl=false -Djava.rmi.server.hostname=localhost -Dspring.jmx.enabled=true -Dspring.liveBeansView.mbeanDomain -Dspring.application.admin.enabled=true -Xverify:none -XX:TieredStopAtLevel=1 -Dspring.boot.project.name=lab_1 -javaagent:C:\Users\Public\Documents\eclipse-jee-2019-09-R-win32-x86_64\eclipse\configuration\org.eclipse.osgi\412\0\.cp\lib\javaagent-shaded.jar -Dfile.encoding=UTF-8 
java_command: com.springtutorial.Lab1Application
java_class_path (initial): C:\Users\nguye\BaoNguyenData\Old Data\Java web\SpringSecurity\Lab_1\lab_1\target\classes;C:\Users\nguye\.m2\repository\org\springframework\boot\spring-boot-starter-data-jpa\2.6.2\spring-boot-starter-data-jpa-2.6.2.jar;C:\Users\nguye\.m2\repository\org\springframework\boot\spring-boot-starter-aop\2.6.2\spring-boot-starter-aop-2.6.2.jar;C:\Users\nguye\.m2\repository\org\aspectj\aspectjweaver\1.9.7\aspectjweaver-1.9.7.jar;C:\Users\nguye\.m2\repository\org\springframework\boot\spring-boot-starter-jdbc\2.6.2\spring-boot-starter-jdbc-2.6.2.jar;C:\Users\nguye\.m2\repository\com\zaxxer\HikariCP\4.0.3\HikariCP-4.0.3.jar;C:\Users\nguye\.m2\repository\org\springframework\spring-jdbc\5.3.14\spring-jdbc-5.3.14.jar;C:\Users\nguye\.m2\repository\jakarta\transaction\jakarta.transaction-api\1.3.3\jakarta.transaction-api-1.3.3.jar;C:\Users\nguye\.m2\repository\jakarta\persistence\jakarta.persistence-api\2.2.3\jakarta.persistence-api-2.2.3.jar;C:\Users\nguye\.m2\repository\org\hibernate\hibernate-core\5.6.3.Final\hibernate-core-5.6.3.Final.jar;C:\Users\nguye\.m2\repository\org\jboss\logging\jboss-logging\3.4.2.Final\jboss-logging-3.4.2.Final.jar;C:\Users\nguye\.m2\repository\net\bytebuddy\byte-buddy\1.11.22\byte-buddy-1.11.22.jar;C:\Users\nguye\.m2\repository\antlr\antlr\2.7.7\antlr-2.7.7.jar;C:\Users\nguye\.m2\repository\org\jboss\jandex\2.2.3.Final\jandex-2.2.3.Final.jar;C:\Users\nguye\.m2\repository\com\fasterxml\classmate\1.5.1\classmate-1.5.1.jar;C:\Users\nguye\.m2\repository\org\hibernate\common\hibernate-commons-annotations\5.1.2.Final\hibernate-commons-annotations-5.1.2.Final.jar;C:\Users\nguye\.m2\repository\org\glassfish\jaxb\jaxb-runtime\2.3.5\jaxb-runtime-2.3.5.jar;C:\Users\nguye\.m2\repository\org\glassfish\jaxb\txw2\2.3.5\txw2-2.3.5.jar;C:\Users\nguye\.m2\repository\com\sun\istack\istack-commons-runtime\3.0.12\istack-commons-runtime-3.0.12.jar;C:\Users\nguye\.m2\repository\com\sun\activation\jakarta.activation\1.2.2\jakarta.activation-1.2.2.j
Launcher Type: SUN_STANDARD

[Global flags]
     bool BytecodeVerificationLocal                = false                                     {product} {command line}
     bool BytecodeVerificationRemote               = false                                     {product} {command line}
     intx CICompilerCount                          = 3                                         {product} {ergonomic}
     uint ConcGCThreads                            = 1                                         {product} {ergonomic}
     uint G1ConcRefinementThreads                  = 4                                         {product} {ergonomic}
   size_t G1HeapRegionSize                         = 1048576                                   {product} {ergonomic}
    uintx GCDrainStackTargetSize                   = 64                                        {product} {ergonomic}
   size_t InitialHeapSize                          = 132120576                                 {product} {ergonomic}
     bool ManagementServer                         = true                                      {product} {command line}
   size_t MarkStackSize                            = 4194304                                   {product} {ergonomic}
   size_t MaxHeapSize                              = 2113929216                                {product} {ergonomic}
   size_t MaxNewSize                               = 1267728384                                {product} {ergonomic}
   size_t MinHeapDeltaBytes                        = 1048576                                   {product} {ergonomic}
    uintx NonNMethodCodeHeapSize                   = 6973028                                {pd product} {ergonomic}
    uintx NonProfiledCodeHeapSize                  = 244685212                              {pd product} {ergonomic}
    uintx ProfiledCodeHeapSize                     = 0                                      {pd product} {ergonomic}
    uintx ReservedCodeCacheSize                    = 251658240                              {pd product} {ergonomic}
     bool SegmentedCodeCache                       = true                                      {product} {ergonomic}
     intx TieredStopAtLevel                        = 1                                         {product} {command line}
     bool UseCompressedClassPointers               = true                                 {lp64_product} {ergonomic}
     bool UseCompressedOops                        = true                                 {lp64_product} {ergonomic}
     bool UseG1GC                                  = true                                      {product} {ergonomic}
     bool UseLargePagesIndividualAllocation        = false                                  {pd product} {ergonomic}

Logging:
Log output configuration:
 #0: stdout all=warning uptime,level,tags
 #1: stderr all=off uptime,level,tags

Environment Variables:
JAVA_HOME=C:\Program Files\Java\jdk-11.0.9
PATH=C:\Users\Public\Documents\python\Scripts\;C:\Users\Public\Documents\python\;C:\Program Files\Python39\Scripts\;C:\Program Files\Python39\;C:\Program Files\Common Files\Oracle\Java\javapath;C:\Windows\system32;C:\Windows;C:\Windows\System32\Wbem;C:\Windows\System32\WindowsPowerShell\v1.0\;C:\Windows\System32\OpenSSH\;C:\Program Files\Microsoft SQL Server\120\Tools\Binn\;C:\Program Files\Microsoft SQL Server\Client SDK\ODBC\110\Tools\Binn\;C:\Program Files (x86)\Microsoft SQL Server\120\Tools\Binn\;C:\Program Files\Microsoft SQL Server\120\DTS\Binn\;C:\Program Files (x86)\Microsoft SQL Server\120\Tools\Binn\ManagementStudio\;C:\Program Files (x86)\Microsoft SQL Server\120\DTS\Binn\;";C:\Users\Public\Documents\apache-maven-3.8.3\bin;C:\Program Files\Java\jdk-11.0.9\bin";C:\Users\Public\Documents\Git\cmd;C:\Users\Public\Documents\nodeJs\;C:\Windows\system32\config\systemprofile\.dnx\bin;C:\Program Files\Microsoft DNX\Dnvm\;C:\Program Files\Microsoft SQL Server\130\Tools\Binn\;C:\Program Files\VisualSVN Server\bin;C:\Users\Public\Documents\python\Scripts;C:\Users\Public\Documents\python\Scripts;C:\Users\nguye\AppData\Local\Microsoft\WindowsApps;;C:\Users\Public\Documents\Microsoft VS Code\bin;C:\Users\nguye\AppData\Roaming\npm
USERNAME=nguye
OS=Windows_NT
PROCESSOR_IDENTIFIER=Intel64 Family 6 Model 60 Stepping 3, GenuineIntel



---------------  S Y S T E M  ---------------

OS: Windows 10 , 64 bit Build 19041 (10.0.19041.1466)

CPU:total 4 (initial active 4) (2 cores per cpu, 2 threads per core) family 6 model 60 stepping 3, cmov, cx8, fxsr, mmx, sse, sse2, sse3, ssse3, sse4.1, sse4.2, popcnt, avx, avx2, aes, clmul, erms, lzcnt, ht, tsc, tscinvbit, bmi1, bmi2, fma

Memory: 4k page, system-wide physical 8057M (2596M free)
TotalPageFile size 14713M (AvailPageFile size 6696M)
current process WorkingSet (physical memory assigned to process): 216M, peak: 295M
current process commit charge ("private bytes"): 253M, peak: 369M

vm_info: Java HotSpot(TM) 64-Bit Server VM (11.0.9+7-LTS) for windows-amd64 JRE (11.0.9+7-LTS), built on Sep 15 2020 16:47:03 by "mach5one" with MS VC++ 15.9 (VS2017)

END.
